This is pdfTeX, Version 3.14159265-2.6-1.40.19 (MiKTeX 2.9.6840) (preloaded format=pdflatex 2018.3.30)  19 NOV 2018 09:25
entering extended mode
**./Thesis_overview.tex
(Thesis_overview.tex
LaTeX2e <2017-04-15>
Babel <3.18> and hyphenation patterns for 0 language(s) loaded.
(/home/avasalya/.miktex/texmfs/install/tex/latex/base/article.cls
Document Class: article 2014/09/29 v1.4h Standard LaTeX document class
(/home/avasalya/.miktex/texmfs/install/tex/latex/base/size10.clo
File: size10.clo 2014/09/29 v1.4h Standard LaTeX file (size option)
)
\c@part=\count79
\c@section=\count80
\c@subsection=\count81
\c@subsubsection=\count82
\c@paragraph=\count83
\c@subparagraph=\count84
\c@figure=\count85
\c@table=\count86
\abovecaptionskip=\skip41
\belowcaptionskip=\skip42
\bibindent=\dimen102
)
(/home/avasalya/.miktex/texmfs/install/tex/latex/amsmath/amsmath.sty
Package: amsmath 2017/09/02 v2.17a AMS math features
\@mathmargin=\skip43

For additional information on amsmath, use the `?' option.
(/home/avasalya/.miktex/texmfs/install/tex/latex/amsmath/amstext.sty
Package: amstext 2000/06/29 v2.01 AMS text

(/home/avasalya/.miktex/texmfs/install/tex/latex/amsmath/amsgen.sty
File: amsgen.sty 1999/11/30 v2.0 generic functions
\@emptytoks=\toks14
\ex@=\dimen103
))
(/home/avasalya/.miktex/texmfs/install/tex/latex/amsmath/amsbsy.sty
Package: amsbsy 1999/11/29 v1.2d Bold Symbols
\pmbraise@=\dimen104
)
(/home/avasalya/.miktex/texmfs/install/tex/latex/amsmath/amsopn.sty
Package: amsopn 2016/03/08 v2.02 operator names
)
\inf@bad=\count87
LaTeX Info: Redefining \frac on input line 213.
\uproot@=\count88
\leftroot@=\count89
LaTeX Info: Redefining \overline on input line 375.
\classnum@=\count90
\DOTSCASE@=\count91
LaTeX Info: Redefining \ldots on input line 472.
LaTeX Info: Redefining \dots on input line 475.
LaTeX Info: Redefining \cdots on input line 596.
\Mathstrutbox@=\box26
\strutbox@=\box27
\big@size=\dimen105
LaTeX Font Info:    Redeclaring font encoding OML on input line 712.
LaTeX Font Info:    Redeclaring font encoding OMS on input line 713.
\macc@depth=\count92
\c@MaxMatrixCols=\count93
\dotsspace@=\muskip10
\c@parentequation=\count94
\dspbrk@lvl=\count95
\tag@help=\toks15
\row@=\count96
\column@=\count97
\maxfields@=\count98
\andhelp@=\toks16
\eqnshift@=\dimen106
\alignsep@=\dimen107
\tagshift@=\dimen108
\tagwidth@=\dimen109
\totwidth@=\dimen110
\lineht@=\dimen111
\@envbody=\toks17
\multlinegap=\skip44
\multlinetaggap=\skip45
\mathdisplay@stack=\toks18
LaTeX Info: Redefining \[ on input line 2817.
LaTeX Info: Redefining \] on input line 2818.
)
(/home/avasalya/.miktex/texmfs/install/tex/latex/algorithmicx/algpseudocode.sty
Package: algpseudocode 
(/home/avasalya/.miktex/texmfs/install/tex/latex/base/ifthen.sty
Package: ifthen 2014/09/29 v1.1c Standard LaTeX ifthen package (DPC)
)
(/home/avasalya/.miktex/texmfs/install/tex/latex/algorithmicx/algorithmicx.sty
Package: algorithmicx 2005/04/27 v1.2 Algorithmicx

Document Style algorithmicx 1.2 - a greatly improved `algorithmic' style
\c@ALG@line=\count99
\c@ALG@rem=\count100
\c@ALG@nested=\count101
\ALG@tlm=\skip46
\ALG@thistlm=\skip47
\c@ALG@Lnr=\count102
\c@ALG@blocknr=\count103
\c@ALG@storecount=\count104
\c@ALG@tmpcounter=\count105
\ALG@tmplength=\skip48
)
Document Style - pseudocode environments for use with the `algorithmicx' style
) (/home/avasalya/.miktex/texmfs/install/tex/latex/algorithms/algorithm.sty
Package: algorithm 2009/08/24 v0.1 Document Style `algorithm' - floating enviro
nment

(/home/avasalya/.miktex/texmfs/install/tex/latex/float/float.sty
Package: float 2001/11/08 v1.3d Float enhancements (AL)
\c@float@type=\count106
\float@exts=\toks19
\float@box=\box28
\@float@everytoks=\toks20
\@floatcapt=\box29
)
\@float@every@algorithm=\toks21
\c@algorithm=\count107
)
(Thesis_overview.aux)
\openout1 = `Thesis_overview.aux'.

LaTeX Font Info:    Checking defaults for OML/cmm/m/it on input line 23.
LaTeX Font Info:    ... okay on input line 23.
LaTeX Font Info:    Checking defaults for T1/cmr/m/n on input line 23.
LaTeX Font Info:    ... okay on input line 23.
LaTeX Font Info:    Checking defaults for OT1/cmr/m/n on input line 23.
LaTeX Font Info:    ... okay on input line 23.
LaTeX Font Info:    Checking defaults for OMS/cmsy/m/n on input line 23.
LaTeX Font Info:    ... okay on input line 23.
LaTeX Font Info:    Checking defaults for OMX/cmex/m/n on input line 23.
LaTeX Font Info:    ... okay on input line 23.
LaTeX Font Info:    Checking defaults for U/cmr/m/n on input line 23.
LaTeX Font Info:    ... okay on input line 23.
LaTeX Font Info:    Try loading font information for OMS+cmr on input line 33.

(/home/avasalya/.miktex/texmfs/install/tex/latex/base/omscmr.fd
File: omscmr.fd 2014/09/29 v2.5h Standard LaTeX font definitions
)
LaTeX Font Info:    Font shape `OMS/cmr/m/n' in size <10> not available
(Font)              Font shape `OMS/cmsy/m/n' tried instead on input line 33.

Underfull \hbox (badness 10000) in paragraph at lines 37--38

 []


Underfull \hbox (badness 10000) in paragraph at lines 39--40

 []


Overfull \hbox (1.08397pt too wide) in paragraph at lines 51--52
[]\OT1/cmr/m/n/10 chapter 4 --- HRI: human-human & human-robot dual arm object 
handover 
 []


Underfull \hbox (badness 10000) in paragraph at lines 51--52

 []


Underfull \hbox (badness 10000) in paragraph at lines 53--54

 []

[1

{/home/avasalya/.miktex/texmfs/data/pdftex/config/pdftex.map}]
Underfull \hbox (badness 10000) in paragraph at lines 72--74

 []


Underfull \hbox (badness 10000) in paragraph at lines 78--79

 []


Underfull \hbox (badness 10000) in paragraph at lines 82--83

 []


Underfull \hbox (badness 10000) in paragraph at lines 102--103

 []


Underfull \hbox (badness 10000) in paragraph at lines 109--110

 []


Underfull \hbox (badness 10000) in paragraph at lines 119--120

 []


Overfull \hbox (19.55333pt too wide) in paragraph at lines 122--123
[]$[]$ 
 []


Underfull \hbox (badness 10000) in paragraph at lines 134--135

 []


Overfull \hbox (2.47285pt too wide) in paragraph at lines 147--148
\OT1/cmr/m/n/10 Our prediction controller behavior can be tuned by two initiall
y required constant
 []

[2] [3] (Thesis_overview.aux) ) 
Here is how much of TeX's memory you used:
 1511 strings out of 495223
 19438 string characters out of 3181515
 77732 words of memory out of 3000000
 4845 multiletter control sequences out of 15000+200000
 10836 words of font info for 39 fonts, out of 3000000 for 9000
 0 hyphenation exceptions out of 8191
 27i,6n,20p,631b,297s stack positions out of 5000i,500n,10000p,200000b,50000s
</home/avasalya/.miktex/texmfs/install/fonts/typ
e1/public/amsfonts/cm/cmbx10.pfb></home/avasalya/.miktex/texmfs/install/fonts/t
ype1/public/amsfonts/cm/cmbx9.pfb></home/avasalya/.miktex/texmfs/install/fonts/
type1/public/amsfonts/cm/cmcsc10.pfb></home/avasalya/.miktex/texmfs/install/fon
ts/type1/public/amsfonts/cm/cmmi10.pfb></home/avasalya/.miktex/texmfs/install/f
onts/type1/public/amsfonts/cm/cmmi5.pfb></home/avasalya/.miktex/texmfs/install/
fonts/type1/public/amsfonts/cm/cmmi7.pfb></home/avasalya/.miktex/texmfs/install
/fonts/type1/public/amsfonts/cm/cmr10.pfb></home/avasalya/.miktex/texmfs/instal
l/fonts/type1/public/amsfonts/cm/cmr12.pfb></home/avasalya/.miktex/texmfs/insta
ll/fonts/type1/public/amsfonts/cm/cmr17.pfb></home/avasalya/.miktex/texmfs/inst
all/fonts/type1/public/amsfonts/cm/cmr7.pfb></home/avasalya/.miktex/texmfs/inst
all/fonts/type1/public/amsfonts/cm/cmr8.pfb></home/avasalya/.miktex/texmfs/inst
all/fonts/type1/public/amsfonts/cm/cmsy10.pfb></home/avasalya/.miktex/texmfs/in
stall/fonts/type1/public/amsfonts/cm/cmsy7.pfb></home/avasalya/.miktex/texmfs/i
nstall/fonts/type1/public/amsfonts/cm/cmti10.pfb></home/avasalya/.miktex/texmfs
/install/fonts/type1/public/amsfonts/cm/cmtt10.pfb>
Output written on Thesis_overview.pdf (3 pages, 180514 bytes).
PDF statistics:
 72 PDF objects out of 1000 (max. 8388607)
 0 named destinations out of 1000 (max. 500000)
 1 words of extra memory for PDF output out of 10000 (max. 10000000)

